2026-04-02 16:03:36 [INFO    ] __main__ → ============================================================
2026-04-02 16:03:36 [INFO    ] __main__ → 🤖  FORM AUTOMATION STARTING
2026-04-02 16:03:36 [INFO    ] __main__ → ============================================================
2026-04-02 16:03:36 [INFO    ] __main__ → 📄 Loading records from sheet …
2026-04-02 16:03:36 [INFO    ] data.sheet_reader → ✅ Google Sheets authenticated successfully
2026-04-02 16:03:36 [INFO    ] data.sheet_reader → 📄 Opening Google Sheet ID: 1tPVwjc-UkupQibXsGur2StClfrIlWcyRlyMnLECepNg
2026-04-02 16:03:39 [INFO    ] data.sheet_reader → ✅ Loaded 20 rows from sheet 'test sheet'
2026-04-02 16:03:39 [INFO    ] data.sheet_reader → 🌐 Row 2 domain: https://peoriaaz.govqa.us
2026-04-02 16:03:39 [INFO    ] data.sheet_reader → ✅ Row 2 loaded: https://peoriaaz.govqa.us/WEBAPP/_rs/(S( | agent-sr@smartprocure.us
2026-04-02 16:03:39 [INFO    ] data.sheet_reader → 🌐 Row 3 domain: https://peoriaaz.govqa.us
2026-04-02 16:03:39 [INFO    ] data.sheet_reader → ✅ Row 3 loaded: https://peoriaaz.govqa.us/WEBAPP/_rs/(S( | agent-sr@smartprocure.us
2026-04-02 16:03:39 [INFO    ] data.sheet_reader → 🌐 Row 4 domain: https://sangamoncountyilsheriff.govqa.us
2026-04-02 16:03:39 [INFO    ] data.sheet_reader → ✅ Row 4 loaded: https://sangamoncountyilsheriff.govqa.us | agent-sr@smartprocure.us
2026-04-02 16:03:39 [INFO    ] data.sheet_reader → 🌐 Row 5 domain: https://glendaleheights.govqa.us
2026-04-02 16:03:39 [INFO    ] data.sheet_reader → ✅ Row 5 loaded: https://glendaleheights.govqa.us/WEBAPP/ | agent-sr@smartprocure.us
2026-04-02 16:03:39 [INFO    ] data.sheet_reader → 🌐 Row 6 domain: https://oaklawnil.govqa.us
2026-04-02 16:03:39 [INFO    ] data.sheet_reader → ✅ Row 6 loaded: https://oaklawnil.govqa.us/WEBAPP/_rs/(S | agent-sr@smartprocure.us
2026-04-02 16:03:39 [INFO    ] data.sheet_reader → 🌐 Row 7 domain: https://peoriaaz.govqa.us
2026-04-02 16:03:39 [INFO    ] data.sheet_reader → ✅ Row 7 loaded: https://peoriaaz.govqa.us/WEBAPP/_rs/(S( | agent-sr@smartprocure.us
2026-04-02 16:03:39 [INFO    ] data.sheet_reader → 🌐 Row 8 domain: https://calumetcityil.govqa.us
2026-04-02 16:03:39 [INFO    ] data.sheet_reader → ✅ Row 8 loaded: https://calumetcityil.govqa.us/WEBAPP/_r | agent-sr@smartprocure.us
2026-04-02 16:03:39 [INFO    ] data.sheet_reader → 🌐 Row 9 domain: https://gurneeil.govqa.us
2026-04-02 16:03:39 [INFO    ] data.sheet_reader → ✅ Row 9 loaded: https://gurneeil.govqa.us/WEBAPP/_rs/(S( | agent-sr@smartprocure.us
2026-04-02 16:03:39 [INFO    ] data.sheet_reader → 🌐 Row 10 domain: https://oakforestil.govqa.us
2026-04-02 16:03:39 [INFO    ] data.sheet_reader → ✅ Row 10 loaded: https://oakforestil.govqa.us/WEBAPP/_rs/ | agent-sr@smartprocure.us
2026-04-02 16:03:39 [INFO    ] data.sheet_reader → 🌐 Row 11 domain: https://warrenvilleil.govqa.us
2026-04-02 16:03:39 [INFO    ] data.sheet_reader → ✅ Row 11 loaded: https://warrenvilleil.govqa.us/WEBAPP/_r | agent-sr@smartprocure.us
2026-04-02 16:03:39 [INFO    ] data.sheet_reader → 🌐 Row 12 domain: https://rollingmeadowsil.govqa.us
2026-04-02 16:03:39 [INFO    ] data.sheet_reader → ✅ Row 12 loaded: https://rollingmeadowsil.govqa.us/WEBAPP | agent-sr@smartprocure.us
2026-04-02 16:03:39 [INFO    ] data.sheet_reader → 🌐 Row 13 domain: https://calumetcityil.govqa.us
2026-04-02 16:03:39 [INFO    ] data.sheet_reader → ✅ Row 13 loaded: https://calumetcityil.govqa.us/WEBAPP/_r | agent-sr@smartprocure.us
2026-04-02 16:03:39 [INFO    ] data.sheet_reader → 🌐 Row 14 domain: https://bolingbrookil.govqa.us
2026-04-02 16:03:39 [INFO    ] data.sheet_reader → ✅ Row 14 loaded: https://bolingbrookil.govqa.us/WEBAPP/_r | agent-sr@smartprocure.us
2026-04-02 16:03:39 [INFO    ] data.sheet_reader → 🌐 Row 15 domain: https://harveyil.govqa.us
2026-04-02 16:03:39 [INFO    ] data.sheet_reader → ✅ Row 15 loaded: https://harveyil.govqa.us/WEBAPP/_rs/(S( | agent-sr@smartprocure.us
2026-04-02 16:03:39 [INFO    ] data.sheet_reader → 🌐 Row 16 domain: https://gurneeil.govqa.us
2026-04-02 16:03:39 [INFO    ] data.sheet_reader → ✅ Row 16 loaded: https://gurneeil.govqa.us/WEBAPP/_rs/(S( | agent-sr@smartprocure.us
2026-04-02 16:03:39 [INFO    ] data.sheet_reader → 🌐 Row 17 domain: https://elkgrovevillageil.govqa.us
2026-04-02 16:03:39 [INFO    ] data.sheet_reader → ✅ Row 17 loaded: https://elkgrovevillageil.govqa.us/WEBAP | agent-sr@smartprocure.us
2026-04-02 16:03:39 [INFO    ] data.sheet_reader → 🌐 Row 18 domain: https://peoriaaz.govqa.us
2026-04-02 16:03:39 [INFO    ] data.sheet_reader → ✅ Row 18 loaded: https://peoriaaz.govqa.us/WEBAPP/_rs/(S( | agent-sr@smartprocure.us
2026-04-02 16:03:39 [INFO    ] data.sheet_reader → 🌐 Row 19 domain: https://oakforestil.govqa.us
2026-04-02 16:03:39 [INFO    ] data.sheet_reader → ✅ Row 19 loaded: https://oakforestil.govqa.us/WEBAPP/_rs/ | agent-sr@smartprocure.us
2026-04-02 16:03:39 [INFO    ] data.sheet_reader → 🌐 Row 20 domain: https://rollingmeadowsil.govqa.us
2026-04-02 16:03:39 [INFO    ] data.sheet_reader → ✅ Row 20 loaded: https://rollingmeadowsil.govqa.us/WEBAPP | agent-sr@smartprocure.us
2026-04-02 16:03:39 [INFO    ] data.sheet_reader → 🌐 Row 21 domain: https://rosemont.govqa.us
2026-04-02 16:03:39 [INFO    ] data.sheet_reader → ✅ Row 21 loaded: https://rosemont.govqa.us/WEBAPP/_rs/(S( | agent-sr@smartprocure.us
2026-04-02 16:03:39 [INFO    ] data.sheet_reader → 📋 20 valid records ready for processing
2026-04-02 16:03:39 [INFO    ] __main__ → 📋 20 records queued for processing
2026-04-02 16:03:39 [INFO    ] reports.result_writer → ✅ ResultWriter authenticated with Google Sheets
2026-04-02 16:03:40 [INFO    ] reports.result_writer → ✅ Worksheet 'test sheet' opened for result writing
2026-04-02 16:03:40 [INFO    ] browser.driver_setup → 🖥️  Running in VISIBLE mode
2026-04-02 16:03:42 [INFO    ] browser.driver_setup → ✅ WebDriver initialized successfully
2026-04-02 16:03:42 [INFO    ] __main__ → 
🔄 Record 1/20 — Row 2
2026-04-02 16:03:42 [INFO    ] __main__ → ────────────────────────────────────────────────────────────
2026-04-02 16:03:42 [INFO    ] __main__ → ▶️  Processing Row 2 | https://peoriaaz.govqa.us/WEBAPP/_rs/(S(spyqtdxt5x | agent-sr@smartprocure.us
2026-04-02 16:03:42 [INFO    ] __main__ → ────────────────────────────────────────────────────────────
2026-04-02 16:03:42 [INFO    ] __main__ → [1/3] 🌐 Tile Selection — Row 2
2026-04-02 16:03:42 [INFO    ] steps.tile_selector → 🌐 [Row 2] Opening URL: https://peoriaaz.govqa.us/WEBAPP/_rs/(S(spyqtdxt5x05w1vtxlxnojw2))/supporthome.aspx
2026-04-02 16:03:47 [INFO    ] steps.tile_selector → ✅ [Row 2] Page opened successfully
2026-04-02 16:03:47 [DEBUG   ] browser.element_helper → ✅ Page fully loaded
2026-04-02 16:03:49 [INFO    ] steps.tile_selector → 🔍 [Row 2] Looking for City/public tile …
2026-04-02 16:03:49 [ERROR   ] browser.element_helper → ❌ Click failed on ('//div[@class="tiles tile-group four-wide "]/div//h3[contains(text(), "City") or contains(text(), "public")]', '//nav[@role="navigation"]//a[contains(text(), "Submit a Request")]') → Message: invalid argument: 'value' must be a string
  (Session info: chrome=145.0.7632.45)
Stacktrace:
#0 0x62ff9445ab6a <unknown>
#1 0x62ff93e6da32 <unknown>
#2 0x62ff93ec269a <unknown>
#3 0x62ff93ec2fa1 <unknown>
#4 0x62ff93f0e144 <unknown>
#5 0x62ff93f0b369 <unknown>
#6 0x62ff93eb4c0f <unknown>
#7 0x62ff93eb59d1 <unknown>
#8 0x62ff9441f6b9 <unknown>
#9 0x62ff944225c1 <unknown>
#10 0x62ff9440be29 <unknown>
#11 0x62ff9442317e <unknown>
#12 0x62ff943f24b0 <unknown>
#13 0x62ff94447578 <unknown>
#14 0x62ff9444774b <unknown>
#15 0x62ff944591a3 <unknown>
#16 0x72af89a9caa4 <unknown>
#17 0x72af89b29c6c <unknown>

2026-04-02 16:03:49 [WARNING ] steps.tile_selector → ⚠️  [Row 2] Standard click failed, trying JS click …
2026-04-02 16:03:49 [ERROR   ] browser.element_helper → ❌ Click failed on ('//div[@class="tiles tile-group four-wide "]/div//h3[contains(text(), "City") or contains(text(), "public")]', '//nav[@role="navigation"]//a[contains(text(), "Submit a Request")]') → Message: invalid argument: 'value' must be a string
  (Session info: chrome=145.0.7632.45)
Stacktrace:
#0 0x62ff9445ab6a <unknown>
#1 0x62ff93e6da32 <unknown>
#2 0x62ff93ec269a <unknown>
#3 0x62ff93ec2fa1 <unknown>
#4 0x62ff93f0e144 <unknown>
#5 0x62ff93f0b369 <unknown>
#6 0x62ff93eb4c0f <unknown>
#7 0x62ff93eb59d1 <unknown>
#8 0x62ff9441f6b9 <unknown>
#9 0x62ff944225c1 <unknown>
#10 0x62ff9440be29 <unknown>
#11 0x62ff9442317e <unknown>
#12 0x62ff943f24b0 <unknown>
#13 0x62ff94447578 <unknown>
#14 0x62ff9444774b <unknown>
#15 0x62ff944591a3 <unknown>
#16 0x72af89a9caa4 <unknown>
#17 0x72af89b29c6c <unknown>

2026-04-02 16:03:49 [WARNING ] steps.tile_selector → ⚠️  [Row 2] JS click failed, scanning all tiles …
2026-04-02 16:03:49 [DEBUG   ] browser.element_helper → 🔍 Found 8 elements: //div[contains(@class,"tile-group")]//h3
2026-04-02 16:03:49 [INFO    ] steps.tile_selector → 🔍 [Row 2] Found 8 total tiles to scan
2026-04-02 16:03:49 [INFO    ] steps.tile_selector → 🎯 [Row 2] Matched tile text: 'Submit a City Records Request'
2026-04-02 16:03:55 [INFO    ] steps.tile_selector → ✅ [Row 2] Fallback tile click succeeded
2026-04-02 16:03:58 [INFO    ] __main__ → [2/3] 🔐 Login — Row 2
2026-04-02 16:03:58 [INFO    ] steps.login_handler → 🔄 [Row 2] Starting login sequence...
2026-04-02 16:03:58 [INFO    ] steps.login_handler → 📧 [Row 2] Filling email field …
2026-04-02 16:03:58 [DEBUG   ] browser.element_helper → ✅ Element found: //input[@aria-label="Email Address"]
2026-04-02 16:03:58 [INFO    ] browser.element_helper → ⌨️  Typed into //input[@aria-label="Email Address"] → 'agent-sr@smartprocure.us'
2026-04-02 16:03:58 [INFO    ] steps.login_handler → ✅ [Row 2] Email filled using: //input[@aria-label="Email Address"]
2026-04-02 16:03:58 [INFO    ] steps.login_handler → 🔑 [Row 2] Filling password field …
2026-04-02 16:03:58 [DEBUG   ] browser.element_helper → ✅ Element found: //input[@aria-label="Password"]
2026-04-02 16:03:59 [INFO    ] browser.element_helper → ⌨️  Typed into //input[@aria-label="Password"] → 'smartprocure@agent-sr.us'
2026-04-02 16:03:59 [INFO    ] steps.login_handler → ✅ [Row 2] Password filled using: //input[@aria-label="Password"]
2026-04-02 16:03:59 [INFO    ] steps.login_handler → 🚀 [Row 2] Submitting login form …
2026-04-02 16:03:59 [DEBUG   ] browser.element_helper → ✅ Element clickable: //div[@id="RequesLoginFormLayout_btnLogin_CD"]
2026-04-02 16:04:08 [INFO    ] browser.element_helper → 🖱️  Clicked: //div[@id="RequesLoginFormLayout_btnLogin_CD"]
2026-04-02 16:04:08 [INFO    ] steps.login_handler → ✅ [Row 2] Submit clicked using: //div[@id="RequesLoginFormLayout_btnLogin_CD"]
2026-04-02 16:04:11 [INFO    ] steps.login_handler → 🔎 [Row 2] Verifying login …
2026-04-02 16:04:11 [INFO    ] steps.login_handler → ✅ [Row 2] Login verified — success indicator found
2026-04-02 16:04:13 [INFO    ] __main__ → [3/3] 📝 Form Fill — Row 2
2026-04-02 16:04:13 [INFO    ] steps.form_filler → 📝 [Row 2] Starting smart form fill …
2026-04-02 16:04:13 [INFO    ] steps.form_filler → 📋 [Row 2] Row dict built with 13 fields
2026-04-02 16:04:13 [INFO    ] steps.form_filler → 🔍 [Row 2] Detecting form fields …
2026-04-02 16:04:13 [INFO    ] engine.field_detector → 🔍 Scanning page for form fields …
2026-04-02 16:04:13 [DEBUG   ] engine.field_detector →   📝 text: 'Date Range of Request (From)' required=True
2026-04-02 16:04:13 [DEBUG   ] engine.field_detector →   📝 text: 'Date Range of Request (To)' required=True
2026-04-02 16:04:13 [DEBUG   ] engine.field_detector →   📝 text: 'Preferred Method to Receive Records:' required=True
2026-04-02 16:04:13 [DEBUG   ] engine.field_detector →   📝 text: 'Electronic via Records Center' required=False
2026-04-02 16:04:13 [DEBUG   ] engine.field_detector →   📝 text: 'Electronic via Records Center' required=False
2026-04-02 16:04:13 [DEBUG   ] engine.field_detector →   📝 text: 'Electronic via Records Center' required=False
2026-04-02 16:04:13 [DEBUG   ] engine.field_detector →   📝 text: 'Electronic via Records Center' required=False
2026-04-02 16:04:13 [DEBUG   ] engine.field_detector →   📝 text: 'Electronic via Records Center' required=False
2026-04-02 16:04:14 [DEBUG   ] engine.field_detector →   📝 text: 'Electronic via Records Center' required=False
2026-04-02 16:04:19 [DEBUG   ] engine.field_detector →   📝 text: 'captchaFormLayout$reqstOpenCaptchaTextBox' required=False
2026-04-02 16:04:19 [DEBUG   ] engine.field_detector →   📄 textarea: 'requestData$CustomFieldsFormLayout$cf 109' required=False
2026-04-02 16:04:19 [DEBUG   ] engine.field_detector →   📄 textarea: 'Describe the Record(s) Requested:' required=True
2026-04-02 16:04:39 [INFO    ] engine.field_detector → ✅ Detected 7 fields total
2026-04-02 16:04:39 [INFO    ] steps.form_filler → ✅ [Row 2] Detected 7 fields
2026-04-02 16:04:39 [INFO    ] engine.form_filler → 🧠 Fields to fill: 7
2026-04-02 16:04:39 [INFO    ] engine.form_filler → 🔑 Row keys: ['Name', 'Email', 'Phone', 'Street Address', 'City', 'State', 'Zip', 'Company', 'Description', 'Content Type', 'records_requested_for', 'Department', 'Domain']
2026-04-02 16:04:39 [INFO    ] engine.decision_engine → 📅 Date field → 04/02/2026
2026-04-02 16:04:39 [INFO    ] engine.form_filler → ✅ Date set → 04/02/2026
2026-04-02 16:04:39 [INFO    ] engine.decision_engine → 📅 Date field → 04/02/2026
2026-04-02 16:04:39 [INFO    ] engine.form_filler → ✅ Date set → 04/02/2026
2026-04-02 16:04:40 [INFO    ] engine.decision_engine → 📬 Delivery → 'Electronic'
2026-04-02 16:04:40 [INFO    ] engine.form_filler → ✅ Text set: 'Electronic'
2026-04-02 16:04:40 [DEBUG   ] engine.semantic_matcher → ❌ No match found for: 'electronic via records center'
2026-04-02 16:04:40 [DEBUG   ] engine.decision_engine → ⏭️  Skipping: 'captchaformlayout reqstopencaptchatextbox'
2026-04-02 16:04:40 [DEBUG   ] engine.form_filler → ⏭️  Skipped: 'captchaFormLayout$reqstOpenCaptchaTextBox'
2026-04-02 16:04:46 [WARNING ] engine.form_filler → ⚠️  Failed to fill 'requestData$CustomFieldsFormLayout$cf 109' → Message: element not interactable
  (Session info: chrome=145.0.7632.45)
Stacktrace:
#0 0x62ff9445ab6a <unknown>
#1 0x62ff93e6d720 <unknown>
#2 0x62ff93eb907c <unknown>
#3 0x62ff93eb6617 <unknown>
#4 0x62ff93f0b369 <unknown>
#5 0x62ff93eb4c0f <unknown>
#6 0x62ff93eb59d1 <unknown>
#7 0x62ff9441f6b9 <unknown>
#8 0x62ff944225c1 <unknown>
#9 0x62ff9440be29 <unknown>
#10 0x62ff9442317e <unknown>
#11 0x62ff943f24b0 <unknown>
#12 0x62ff94447578 <unknown>
#13 0x62ff9444774b <unknown>
#14 0x62ff944591a3 <unknown>
#15 0x72af89a9caa4 <unknown>
#16 0x72af89b29c6c <unknown>

2026-04-02 16:04:46 [INFO    ] engine.form_filler → ✅ Description filled
2026-04-02 16:04:46 [INFO    ] steps.form_filler → ✅ [Row 2] All fields filled
2026-04-02 16:04:47 [INFO    ] steps.form_filler → 🔐 [Row 2] Checking for captcha …
2026-04-02 16:05:54 [INFO    ] utils.captcha_manager → 🔐 [Row 2] CaptchaManager starting …
2026-04-02 16:05:54 [INFO    ] utils.captcha_manager → 🖼️  Trying image captcha solver …
2026-04-02 16:05:54 [ERROR   ] utils.captcha_manager → ❌ Image solver error → expected an indented block after function definition on line 918 (captcha_image_solver.py, line 919)
2026-04-02 16:05:54 [WARNING ] utils.captcha_manager → ⚠️  Image solver failed — trying audio solver …
2026-04-02 16:05:54 [INFO    ] utils.captcha_manager → 🎵 Trying audio captcha solver …
2026-04-02 16:05:54 [INFO    ] utils.captcha_manager → 🔊 Audio button found: //a[@class="BDC_SoundLink"]
2026-04-02 16:05:54 [INFO    ] utils.captcha_solver → 🔍 Checking for BDC captcha …
2026-04-02 16:05:55 [INFO    ] utils.captcha_solver → 🎯 Captcha found and scrolled to: //div[@id="captchaFormLayout"]
2026-04-02 16:05:55 [INFO    ] utils.captcha_solver → 🎯 BDC Captcha detected — solving via audio …
2026-04-02 16:05:55 [INFO    ] utils.captcha_solver → 🔊 Audio button found: //a[@class="BDC_SoundLink"]
2026-04-02 16:05:55 [INFO    ] utils.captcha_solver → 🔗 Audio href: https://peoriaaz.govqa.us/WEBAPP/_rs/(S(knp3wuela34wjt5chuvgipmd))/BotDetectCapt
2026-04-02 16:05:55 [INFO    ] utils.captcha_solver → 🎵 Audio URL: https://peoriaaz.govqa.us/WEBAPP/_rs/(S(knp3wuela34wjt5chuvgipmd))/BotDetectCaptcha.ashx?get=sound&c=c_requestopen_captchaformlayout_reqstopencaptcha&t=4053f5a36bae48dbb3fa91413c0f1da9&s=wxz9YlkmJFJuVkplSSawqQHVZjph2JVhLvJmkMAIZ%2bv41SQWNK1H7PI3cGogM4B8nR8IPGCq6vpUZJFE3fCu0Q%3d%3d
2026-04-02 16:05:55 [INFO    ] utils.captcha_solver → ⬇️  Downloading audio …
2026-04-02 16:05:57 [INFO    ] utils.captcha_solver → ✅ Audio saved: temp_audio/captcha.wav (60204 bytes)
2026-04-02 16:05:57 [INFO    ] utils.captcha_solver → 🔄 Converting and enhancing audio …
2026-04-02 16:05:57 [INFO    ] utils.captcha_solver → ✅ Audio enhanced — duration: 6.8s
2026-04-02 16:05:57 [INFO    ] utils.captcha_solver → 🐛 Debug audio saved → debug_captcha_audio.mp3
2026-04-02 16:05:57 [INFO    ] utils.captcha_solver →     Listen to this file to verify what the captcha says
2026-04-02 16:06:01 [INFO    ] utils.captcha_solver → 🎙️  Trying Whisper transcription …
2026-04-02 16:06:10 [INFO    ] utils.captcha_solver → ✅ Whisper transcribed (temp=0): 'The captcha code is on the right side of the map.'
2026-04-02 16:06:10 [INFO    ] utils.captcha_solver → 🧹 Raw transcribed text: 'The captcha code is on the right side of the map.'
2026-04-02 16:06:10 [INFO    ] utils.captcha_solver → ✅ Final captcha text (uppercase): 'ONTHERIGHTSIDEOFTHEMAP'
2026-04-02 16:06:10 [INFO    ] utils.captcha_solver → ✅ Final captcha text: 'ONTHERIGHTSIDEOFTHEMAP'
2026-04-02 16:06:10 [DEBUG   ] utils.captcha_solver → 🗑️  Deleted: temp_audio/captcha.wav
2026-04-02 16:06:10 [INFO    ] utils.captcha_solver → 📝 Captcha text: 'ONTHERIGHTSIDEOFTHEMAP'
2026-04-02 16:06:10 [INFO    ] utils.captcha_solver → ✅ Captcha answer entered: 'ONTHERIGHTSIDEOFTHEMAP'
2026-04-02 16:06:10 [INFO    ] utils.captcha_manager → ✅ Audio solver succeeded
